app/build/intermediates/manifest_merge_blame_file/debug/processDebugMainManifest/manifest-merger-blame-debug-report.txt
1<?xml version="1.0" encoding="utf-8"?>
2<manifest xmlns:android="http://schemas.android.com/apk/res/android"
3    package="com.chonoko.data"
4    android:versionCode="1"
5    android:versionName="1.0" >
6
7    <uses-sdk
8        android:minSdkVersion="23"
9        android:targetSdkVersion="35" />
10
11    <application
11-->src/main/AndroidManifest.xml:3:1-10:15
12        android:debuggable="true"
13        android:extractNativeLibs="false"
14        android:label="CHONOKO DATA"
14-->src/main/AndroidManifest.xml:3:46-74
15        android:theme="@style/AppTheme" >
15-->src/main/AndroidManifest.xml:3:14-45
16        <activity
16-->src/main/AndroidManifest.xml:4:1-9:12
17            android:name="com.chonoko.data.MainActivity"
17-->src/main/AndroidManifest.xml:4:11-39
18            android:exported="true" >
18-->src/main/AndroidManifest.xml:4:40-63
19            <intent-filter>
19-->src/main/AndroidManifest.xml:5:1-8:17
20                <action android:name="android.intent.action.MAIN" />
20-->src/main/AndroidManifest.xml:6:1-53
20-->src/main/AndroidManifest.xml:6:9-50
21
22                <category android:name="android.intent.category.LAUNCHER" />
22-->src/main/AndroidManifest.xml:7:1-61
22-->src/main/AndroidManifest.xml:7:11-58
23            </intent-filter>
24        </activity>
25    </application>
26
27</manifest>